<?xml version='1.0'?>
<ns2:test-suite xmlns:ns2='urn:model.allure.qatools.yandex.ru' start='1669039982052' stop='1669039985216'>
    <name>Login</name>
    <title>Login</title>
    <test-cases>
        <test-case start='1669039982053' status='broken' stop='1669039983880'>
            <name>should not log in with invalid credentials</name>
            <title>should not log in with invalid credentials</title>
            <labels>
                <label name='language' value='javascript'/>
                <label name='framework' value='wdio'/>
                <label name='thread' value='0-0'/>
            </labels>
            <parameters>
                <parameter kind='argument' name='browser' value='chrome-107.0.5304.107'/>
            </parameters>
            <steps>
                <step start='1669039982054' status='passed' stop='1669039982186'>
                    <name>POST /session/:sessionId/window/maximize</name>
                    <title>POST /session/:sessionId/window/maximize</title>
                    <attachments>
                        <attachment title='Response' source='2b8bf6d4-7151-4ebf-b2b7-66d1654cb6ea-attachment.json' type='application/json' size='58'/>
                    </attachments>
                    <steps/>
                </step>
                <step start='1669039982186' status='passed' stop='1669039983728'>
                    <name>POST /session/:sessionId/url</name>
                    <title>POST /session/:sessionId/url</title>
                    <attachments>
                        <attachment title='Request' source='d692c2d2-5250-4581-b1b6-68841141a53d-attachment.json' type='application/json' size='47'/>
                    </attachments>
                    <steps/>
                </step>
                <step start='1669039983729' status='passed' stop='1669039983880'>
                    <name>GET /session/:sessionId/screenshot</name>
                    <title>GET /session/:sessionId/screenshot</title>
                    <attachments>
                        <attachment title='Screenshot' source='1105799c-d6ea-4e75-bb6b-10ffd4a2bba9-attachment.png' type='image/png' size='92704'/>
                    </attachments>
                    <steps/>
                </step>
            </steps>
            <attachments/>
            <failure>
                <message>Cannot read property 'click' of undefined</message>
                <stack-trace>TypeError: Cannot read property 'click' of undefined
                    at Login.openLogin (C:\Users\apetrash\Documents\AQA_JS\Sprint-4\test\pageobjects\login.po.js:29:36)
                    at async Context.&lt;anonymous> (C:\Users\apetrash\Documents\AQA_JS\Sprint-4\test\specs\login.js:7:9)</stack-trace>
            </failure>
        </test-case>
        <test-case start='1669039983880' status='broken' stop='1669039985215'>
            <name>should log in with valid credentials</name>
            <title>should log in with valid credentials</title>
            <labels>
                <label name='language' value='javascript'/>
                <label name='framework' value='wdio'/>
                <label name='thread' value='0-0'/>
            </labels>
            <parameters>
                <parameter kind='argument' name='browser' value='chrome-107.0.5304.107'/>
            </parameters>
            <steps>
                <step start='1669039983881' status='passed' stop='1669039983885'>
                    <name>POST /session/:sessionId/window/maximize</name>
                    <title>POST /session/:sessionId/window/maximize</title>
                    <attachments>
                        <attachment title='Response' source='5b7c98eb-65f2-4f2b-9758-f78a7943c279-attachment.json' type='application/json' size='58'/>
                    </attachments>
                    <steps/>
                </step>
                <step start='1669039983885' status='passed' stop='1669039985071'>
                    <name>POST /session/:sessionId/url</name>
                    <title>POST /session/:sessionId/url</title>
                    <attachments>
                        <attachment title='Request' source='2259c2bb-96db-4989-a081-976741b96962-attachment.json' type='application/json' size='47'/>
                    </attachments>
                    <steps/>
                </step>
                <step start='1669039985071' status='passed' stop='1669039985215'>
                    <name>GET /session/:sessionId/screenshot</name>
                    <title>GET /session/:sessionId/screenshot</title>
                    <attachments>
                        <attachment title='Screenshot' source='636e1bb1-5c24-409b-b51d-8bda8f7a8c0e-attachment.png' type='image/png' size='92704'/>
                    </attachments>
                    <steps/>
                </step>
            </steps>
            <attachments/>
            <failure>
                <message>Cannot read property 'click' of undefined</message>
                <stack-trace>TypeError: Cannot read property 'click' of undefined
                    at Login.openLogin (C:\Users\apetrash\Documents\AQA_JS\Sprint-4\test\pageobjects\login.po.js:29:36)
                    at async Context.&lt;anonymous> (C:\Users\apetrash\Documents\AQA_JS\Sprint-4\test\specs\login.js:21:9)</stack-trace>
            </failure>
        </test-case>
    </test-cases>
</ns2:test-suite>