<?xml version='1.0'?>
<ns2:test-suite xmlns:ns2='urn:model.allure.qatools.yandex.ru' start='1669039124414' stop='1669039124704'>
    <name>Login</name>
    <title>Login</title>
    <test-cases>
        <test-case start='1669039124415' status='broken' stop='1669039124571'>
            <name>should not log in with invalid credentials</name>
            <title>should not log in with invalid credentials</title>
            <labels>
                <label name='language' value='javascript'/>
                <label name='framework' value='wdio'/>
                <label name='thread' value='0-0'/>
            </labels>
            <parameters>
                <parameter kind='argument' name='browser' value='chrome-107.0.5304.107'/>
            </parameters>
            <steps>
                <step start='1669039124417' status='broken' stop='1669039124570'>
                    <name>GET /session/:sessionId/screenshot</name>
                    <title>GET /session/:sessionId/screenshot</title>
                    <attachments/>
                    <steps>
                        <step start='1669039124420' status='passed' stop='1669039124570'>
                            <name>POST /session/:sessionId/element</name>
                            <title>POST /session/:sessionId/element</title>
                            <attachments>
                                <attachment title='Request' source='7d89387c-f22b-4e3d-9195-0d0dc693f176-attachment.json' type='application/json' size='60'/>
                                <attachment title='Screenshot' source='a27a9677-c450-451c-bd37-9232927ed789-attachment.png' type='image/png' size='92704'/>
                            </attachments>
                            <steps/>
                        </step>
                    </steps>
                </step>
            </steps>
            <attachments>
                <attachment title='Response' source='df2cfcad-518a-434c-b740-2f5536efa417-attachment.json' type='application/json' size='83'/>
            </attachments>
            <failure>
                <message>this.main.$ is not a function</message>
                <stack-trace>TypeError: this.main.$ is not a function
                    at Login.get loginOrRegister [as loginOrRegister] (C:\Users\apetrash\Documents\AQA_JS\Sprint-4\test\pageobjects\base.po.js:9:26)
                    at Login.openLogin (C:\Users\apetrash\Documents\AQA_JS\Sprint-4\test\pageobjects\login.po.js:28:20)
                    at Context.&lt;anonymous> (C:\Users\apetrash\Documents\AQA_JS\Sprint-4\test\specs\login.js:8:21)
                    at Context.executeAsync (C:\Users\apetrash\Documents\AQA_JS\Sprint-4\node_modules\@wdio\utils\build\shim.js:333:27)
                    at Context.testFrameworkFnWrapper (C:\Users\apetrash\Documents\AQA_JS\Sprint-4\node_modules\@wdio\utils\build\test-framework\testFnWrapper.js:51:32)</stack-trace>
            </failure>
        </test-case>
        <test-case start='1669039124577' status='broken' stop='1669039124700'>
            <name>should log in with valid credentials</name>
            <title>should log in with valid credentials</title>
            <labels>
                <label name='language' value='javascript'/>
                <label name='framework' value='wdio'/>
                <label name='thread' value='0-0'/>
            </labels>
            <parameters>
                <parameter kind='argument' name='browser' value='chrome-107.0.5304.107'/>
            </parameters>
            <steps>
                <step start='1669039124578' status='broken' stop='1669039124700'>
                    <name>GET /session/:sessionId/screenshot</name>
                    <title>GET /session/:sessionId/screenshot</title>
                    <attachments/>
                    <steps>
                        <step start='1669039124579' status='passed' stop='1669039124700'>
                            <name>POST /session/:sessionId/element</name>
                            <title>POST /session/:sessionId/element</title>
                            <attachments>
                                <attachment title='Request' source='44f1a0c2-8bd1-4c41-9684-9b005cb87d7e-attachment.json' type='application/json' size='60'/>
                                <attachment title='Screenshot' source='01f2969f-f2a6-4653-acfa-5122d89e1c36-attachment.png' type='image/png' size='92704'/>
                            </attachments>
                            <steps/>
                        </step>
                    </steps>
                </step>
            </steps>
            <attachments>
                <attachment title='Response' source='b657ae28-ae53-4dc1-bd60-95e60ce92ba0-attachment.json' type='application/json' size='83'/>
            </attachments>
            <failure>
                <message>this.main.$ is not a function</message>
                <stack-trace>TypeError: this.main.$ is not a function
                    at Login.get loginOrRegister [as loginOrRegister] (C:\Users\apetrash\Documents\AQA_JS\Sprint-4\test\pageobjects\base.po.js:9:26)
                    at Login.openLogin (C:\Users\apetrash\Documents\AQA_JS\Sprint-4\test\pageobjects\login.po.js:28:20)
                    at Context.&lt;anonymous> (C:\Users\apetrash\Documents\AQA_JS\Sprint-4\test\specs\login.js:22:21)
                    at Context.executeAsync (C:\Users\apetrash\Documents\AQA_JS\Sprint-4\node_modules\@wdio\utils\build\shim.js:333:27)
                    at Context.testFrameworkFnWrapper (C:\Users\apetrash\Documents\AQA_JS\Sprint-4\node_modules\@wdio\utils\build\test-framework\testFnWrapper.js:51:32)</stack-trace>
            </failure>
        </test-case>
    </test-cases>
</ns2:test-suite>