<?xml version='1.0'?>
<ns2:test-suite xmlns:ns2='urn:model.allure.qatools.yandex.ru' start='1669039274128' stop='1669039274399'>
    <name>Login</name>
    <title>Login</title>
    <test-cases>
        <test-case start='1669039274128' status='broken' stop='1669039274280'>
            <name>should not log in with invalid credentials</name>
            <title>should not log in with invalid credentials</title>
            <labels>
                <label name='language' value='javascript'/>
                <label name='framework' value='wdio'/>
                <label name='thread' value='0-0'/>
            </labels>
            <parameters>
                <parameter kind='argument' name='browser' value='chrome-107.0.5304.107'/>
            </parameters>
            <steps>
                <step start='1669039274130' status='passed' stop='1669039274279'>
                    <name>GET /session/:sessionId/screenshot</name>
                    <title>GET /session/:sessionId/screenshot</title>
                    <attachments>
                        <attachment title='Screenshot' source='64a2e98e-9a08-4f0b-a920-1f5ca114e177-attachment.png' type='image/png' size='92704'/>
                    </attachments>
                    <steps/>
                </step>
            </steps>
            <attachments/>
            <failure>
                <message>Cannot read property 'click' of undefined</message>
                <stack-trace>TypeError: Cannot read property 'click' of undefined
                    at Login.openLogin (C:\Users\apetrash\Documents\AQA_JS\Sprint-4\test\pageobjects\login.po.js:28:36)
                    at Context.&lt;anonymous> (C:\Users\apetrash\Documents\AQA_JS\Sprint-4\test\specs\login.js:8:21)
                    at Context.executeAsync (C:\Users\apetrash\Documents\AQA_JS\Sprint-4\node_modules\@wdio\utils\build\shim.js:333:27)
                    at Context.testFrameworkFnWrapper (C:\Users\apetrash\Documents\AQA_JS\Sprint-4\node_modules\@wdio\utils\build\test-framework\testFnWrapper.js:51:32)</stack-trace>
            </failure>
        </test-case>
        <test-case start='1669039274280' status='broken' stop='1669039274398'>
            <name>should log in with valid credentials</name>
            <title>should log in with valid credentials</title>
            <labels>
                <label name='language' value='javascript'/>
                <label name='framework' value='wdio'/>
                <label name='thread' value='0-0'/>
            </labels>
            <parameters>
                <parameter kind='argument' name='browser' value='chrome-107.0.5304.107'/>
            </parameters>
            <steps>
                <step start='1669039274280' status='passed' stop='1669039274398'>
                    <name>GET /session/:sessionId/screenshot</name>
                    <title>GET /session/:sessionId/screenshot</title>
                    <attachments>
                        <attachment title='Screenshot' source='490f1eb7-9006-41f3-b0c0-4868d21b1cef-attachment.png' type='image/png' size='92704'/>
                    </attachments>
                    <steps/>
                </step>
            </steps>
            <attachments/>
            <failure>
                <message>Cannot read property 'click' of undefined</message>
                <stack-trace>TypeError: Cannot read property 'click' of undefined
                    at Login.openLogin (C:\Users\apetrash\Documents\AQA_JS\Sprint-4\test\pageobjects\login.po.js:28:36)
                    at Context.&lt;anonymous> (C:\Users\apetrash\Documents\AQA_JS\Sprint-4\test\specs\login.js:22:21)
                    at Context.executeAsync (C:\Users\apetrash\Documents\AQA_JS\Sprint-4\node_modules\@wdio\utils\build\shim.js:333:27)
                    at Context.testFrameworkFnWrapper (C:\Users\apetrash\Documents\AQA_JS\Sprint-4\node_modules\@wdio\utils\build\test-framework\testFnWrapper.js:51:32)</stack-trace>
            </failure>
        </test-case>
    </test-cases>
</ns2:test-suite>