<?xml version='1.0'?>
<ns2:test-suite xmlns:ns2='urn:model.allure.qatools.yandex.ru' start='1669039952933' stop='1669039954297'>
    <name>Login</name>
    <title>Login</title>
    <test-cases>
        <test-case start='1669039952933' status='broken' stop='1669039953918'>
            <name>should not log in with invalid credentials</name>
            <title>should not log in with invalid credentials</title>
            <labels>
                <label name='language' value='javascript'/>
                <label name='framework' value='wdio'/>
                <label name='thread' value='0-0'/>
            </labels>
            <parameters>
                <parameter kind='argument' name='browser' value='chrome-107.0.5304.107'/>
            </parameters>
            <steps>
                <step start='1669039952934' status='passed' stop='1669039953064'>
                    <name>POST /session/:sessionId/window/maximize</name>
                    <title>POST /session/:sessionId/window/maximize</title>
                    <attachments>
                        <attachment title='Response' source='8e99fba7-e376-45ab-9590-f9299e98f926-attachment.json' type='application/json' size='58'/>
                    </attachments>
                    <steps/>
                </step>
                <step start='1669039953064' status='passed' stop='1669039953790'>
                    <name>POST /session/:sessionId/url</name>
                    <title>POST /session/:sessionId/url</title>
                    <attachments>
                        <attachment title='Request' source='7eb92ef5-a56f-461d-8b78-77304993e5ec-attachment.json' type='application/json' size='47'/>
                    </attachments>
                    <steps/>
                </step>
                <step start='1669039953791' status='passed' stop='1669039953918'>
                    <name>GET /session/:sessionId/screenshot</name>
                    <title>GET /session/:sessionId/screenshot</title>
                    <attachments>
                        <attachment title='Screenshot' source='c7e2d1fe-2f9c-4f16-b7da-3075e3d6dce1-attachment.png' type='image/png' size='92704'/>
                    </attachments>
                    <steps/>
                </step>
            </steps>
            <attachments/>
            <failure>
                <message>Cannot read property 'click' of undefined</message>
                <stack-trace>TypeError: Cannot read property 'click' of undefined
                    at Login.openLogin (C:\Users\apetrash\Documents\AQA_JS\Sprint-4\test\pageobjects\login.po.js:29:36)
                    at async Context.&lt;anonymous> (C:\Users\apetrash\Documents\AQA_JS\Sprint-4\test\specs\login.js:7:9)</stack-trace>
            </failure>
        </test-case>
        <test-case start='1669039953919' status='broken' stop='1669039954297'>
            <name>should log in with valid credentials</name>
            <title>should log in with valid credentials</title>
            <labels>
                <label name='language' value='javascript'/>
                <label name='framework' value='wdio'/>
                <label name='thread' value='0-0'/>
            </labels>
            <parameters>
                <parameter kind='argument' name='browser' value='chrome-107.0.5304.107'/>
            </parameters>
            <steps>
                <step start='1669039953919' status='passed' stop='1669039953924'>
                    <name>POST /session/:sessionId/window/maximize</name>
                    <title>POST /session/:sessionId/window/maximize</title>
                    <attachments>
                        <attachment title='Response' source='ccfdac92-93e5-4672-932e-d6caa7667458-attachment.json' type='application/json' size='58'/>
                    </attachments>
                    <steps/>
                </step>
                <step start='1669039953924' status='passed' stop='1669039954130'>
                    <name>POST /session/:sessionId/url</name>
                    <title>POST /session/:sessionId/url</title>
                    <attachments>
                        <attachment title='Request' source='d63ae127-b681-4632-8b63-6e5c474087be-attachment.json' type='application/json' size='47'/>
                    </attachments>
                    <steps/>
                </step>
                <step start='1669039954131' status='passed' stop='1669039954297'>
                    <name>GET /session/:sessionId/screenshot</name>
                    <title>GET /session/:sessionId/screenshot</title>
                    <attachments>
                        <attachment title='Screenshot' source='481407e9-85ed-4616-b2b5-3275a2c4ddab-attachment.png' type='image/png' size='92704'/>
                    </attachments>
                    <steps/>
                </step>
            </steps>
            <attachments/>
            <failure>
                <message>Cannot read property 'click' of undefined</message>
                <stack-trace>TypeError: Cannot read property 'click' of undefined
                    at Login.openLogin (C:\Users\apetrash\Documents\AQA_JS\Sprint-4\test\pageobjects\login.po.js:29:36)
                    at async Context.&lt;anonymous> (C:\Users\apetrash\Documents\AQA_JS\Sprint-4\test\specs\login.js:21:9)</stack-trace>
            </failure>
        </test-case>
    </test-cases>
</ns2:test-suite>