<?xml version='1.0'?>
<ns2:test-suite xmlns:ns2='urn:model.allure.qatools.yandex.ru' start='1669038413544' stop='1669038413827'>
    <name>Login</name>
    <title>Login</title>
    <test-cases>
        <test-case start='1669038413544' status='broken' stop='1669038413711'>
            <name>should not log in with invalid credentials</name>
            <title>should not log in with invalid credentials</title>
            <labels>
                <label name='language' value='javascript'/>
                <label name='framework' value='wdio'/>
                <label name='thread' value='0-0'/>
            </labels>
            <parameters>
                <parameter kind='argument' name='browser' value='chrome-107.0.5304.107'/>
            </parameters>
            <steps>
                <step start='1669038413546' status='broken' stop='1669038413711'>
                    <name>GET /session/:sessionId/screenshot</name>
                    <title>GET /session/:sessionId/screenshot</title>
                    <attachments/>
                    <steps>
                        <step start='1669038413547' status='passed' stop='1669038413710'>
                            <name>POST /session/:sessionId/element</name>
                            <title>POST /session/:sessionId/element</title>
                            <attachments>
                                <attachment title='Request' source='36cae2b5-3685-4654-8291-5c6e7e4a4e86-attachment.json' type='application/json' size='60'/>
                                <attachment title='Screenshot' source='359abb94-d9b7-444a-a46d-b898182da727-attachment.png' type='image/png' size='92704'/>
                            </attachments>
                            <steps/>
                        </step>
                    </steps>
                </step>
            </steps>
            <attachments>
                <attachment title='Response' source='fd3452f0-01f4-4bbe-97c9-191e5ed40c4c-attachment.json' type='application/json' size='83'/>
            </attachments>
            <failure>
                <message>this.main.$ is not a function</message>
                <stack-trace>TypeError: this.main.$ is not a function
                    at Base.get loginOrRegister [as loginOrRegister] (C:\Users\apetrash\Documents\AQA_JS\Sprint-4\test\pageobjects\base.po.js:9:26)
                    at Context.&lt;anonymous> (C:\Users\apetrash\Documents\AQA_JS\Sprint-4\test\specs\login.js:8:27)
                    at Context.executeAsync (C:\Users\apetrash\Documents\AQA_JS\Sprint-4\node_modules\@wdio\utils\build\shim.js:333:27)
                    at Context.testFrameworkFnWrapper (C:\Users\apetrash\Documents\AQA_JS\Sprint-4\node_modules\@wdio\utils\build\test-framework\testFnWrapper.js:51:32)</stack-trace>
            </failure>
        </test-case>
        <test-case start='1669038413717' status='broken' stop='1669038413827'>
            <name>should log in with valid credentials</name>
            <title>should log in with valid credentials</title>
            <labels>
                <label name='language' value='javascript'/>
                <label name='framework' value='wdio'/>
                <label name='thread' value='0-0'/>
            </labels>
            <parameters>
                <parameter kind='argument' name='browser' value='chrome-107.0.5304.107'/>
            </parameters>
            <steps>
                <step start='1669038413717' status='broken' stop='1669038413827'>
                    <name>GET /session/:sessionId/screenshot</name>
                    <title>GET /session/:sessionId/screenshot</title>
                    <attachments/>
                    <steps>
                        <step start='1669038413718' status='passed' stop='1669038413827'>
                            <name>POST /session/:sessionId/element</name>
                            <title>POST /session/:sessionId/element</title>
                            <attachments>
                                <attachment title='Request' source='1eb6ba31-769d-4ea9-a52f-f896a0280eea-attachment.json' type='application/json' size='60'/>
                                <attachment title='Screenshot' source='4b0a4632-9eb3-4815-a2b4-83f843aba762-attachment.png' type='image/png' size='92704'/>
                            </attachments>
                            <steps/>
                        </step>
                    </steps>
                </step>
            </steps>
            <attachments/>
            <failure>
                <message>this.main.$ is not a function</message>
                <stack-trace>TypeError: this.main.$ is not a function
                    at Base.get loginOrRegister [as loginOrRegister] (C:\Users\apetrash\Documents\AQA_JS\Sprint-4\test\pageobjects\base.po.js:9:26)
                    at Context.&lt;anonymous> (C:\Users\apetrash\Documents\AQA_JS\Sprint-4\test\specs\login.js:22:27)
                    at Context.executeAsync (C:\Users\apetrash\Documents\AQA_JS\Sprint-4\node_modules\@wdio\utils\build\shim.js:333:27)
                    at Context.testFrameworkFnWrapper (C:\Users\apetrash\Documents\AQA_JS\Sprint-4\node_modules\@wdio\utils\build\test-framework\testFnWrapper.js:51:32)</stack-trace>
            </failure>
        </test-case>
    </test-cases>
</ns2:test-suite>