<?xml version='1.0'?>
<ns2:test-suite xmlns:ns2='urn:model.allure.qatools.yandex.ru' start='1669040553564' stop='1669040554996'>
    <name>Login</name>
    <title>Login</title>
    <test-cases>
        <test-case start='1669040553564' status='broken' stop='1669040554584'>
            <name>should not log in with invalid credentials</name>
            <title>should not log in with invalid credentials</title>
            <labels>
                <label name='language' value='javascript'/>
                <label name='framework' value='wdio'/>
                <label name='thread' value='0-0'/>
            </labels>
            <parameters>
                <parameter kind='argument' name='browser' value='chrome-107.0.5304.107'/>
            </parameters>
            <steps>
                <step start='1669040553566' status='passed' stop='1669040553687'>
                    <name>POST /session/:sessionId/window/maximize</name>
                    <title>POST /session/:sessionId/window/maximize</title>
                    <attachments>
                        <attachment title='Response' source='6718483b-87f4-4ae2-8dbf-1771858b998d-attachment.json' type='application/json' size='58'/>
                    </attachments>
                    <steps/>
                </step>
                <step start='1669040553688' status='passed' stop='1669040554442'>
                    <name>POST /session/:sessionId/url</name>
                    <title>POST /session/:sessionId/url</title>
                    <attachments>
                        <attachment title='Request' source='f9279bf3-bce7-407f-941c-b70a7e5ef022-attachment.json' type='application/json' size='47'/>
                    </attachments>
                    <steps/>
                </step>
                <step start='1669040554443' status='broken' stop='1669040554584'>
                    <name>GET /session/:sessionId/screenshot</name>
                    <title>GET /session/:sessionId/screenshot</title>
                    <attachments/>
                    <steps>
                        <step start='1669040554445' status='passed' stop='1669040554584'>
                            <name>POST /session/:sessionId/element</name>
                            <title>POST /session/:sessionId/element</title>
                            <attachments>
                                <attachment title='Request' source='348c530f-1175-4ab7-a3bc-2e1e72f1e66b-attachment.json' type='application/json' size='60'/>
                                <attachment title='Screenshot' source='507b70a5-7701-489b-8344-3ee575789b5a-attachment.png' type='image/png' size='92704'/>
                            </attachments>
                            <steps/>
                        </step>
                    </steps>
                </step>
            </steps>
            <attachments>
                <attachment title='Response' source='f34c9941-8b91-456a-8405-32e3c4c79aa4-attachment.json' type='application/json' size='83'/>
            </attachments>
            <failure>
                <message>this.main.$ is not a function</message>
                <stack-trace>TypeError: this.main.$ is not a function
                    at Login.get loginOrRegister [as loginOrRegister] (C:\Users\apetrash\Documents\AQA_JS\Sprint-4\test\pageobjects\base.po.js:9:26)
                    at Login.openLogin (C:\Users\apetrash\Documents\AQA_JS\Sprint-4\test\pageobjects\login.po.js:29:20)
                    at async Context.&lt;anonymous> (C:\Users\apetrash\Documents\AQA_JS\Sprint-4\test\specs\login.js:7:9)</stack-trace>
            </failure>
        </test-case>
        <test-case start='1669040554592' status='broken' stop='1669040554992'>
            <name>should log in with valid credentials</name>
            <title>should log in with valid credentials</title>
            <labels>
                <label name='language' value='javascript'/>
                <label name='framework' value='wdio'/>
                <label name='thread' value='0-0'/>
            </labels>
            <parameters>
                <parameter kind='argument' name='browser' value='chrome-107.0.5304.107'/>
            </parameters>
            <steps>
                <step start='1669040554593' status='passed' stop='1669040554598'>
                    <name>POST /session/:sessionId/window/maximize</name>
                    <title>POST /session/:sessionId/window/maximize</title>
                    <attachments>
                        <attachment title='Response' source='d15e27d0-d874-4d33-82e6-fb9bca5b5d0d-attachment.json' type='application/json' size='58'/>
                    </attachments>
                    <steps/>
                </step>
                <step start='1669040554598' status='passed' stop='1669040554831'>
                    <name>POST /session/:sessionId/url</name>
                    <title>POST /session/:sessionId/url</title>
                    <attachments>
                        <attachment title='Request' source='82afac8a-a888-4c35-8e97-01f3efa24170-attachment.json' type='application/json' size='47'/>
                    </attachments>
                    <steps/>
                </step>
                <step start='1669040554831' status='broken' stop='1669040554992'>
                    <name>GET /session/:sessionId/screenshot</name>
                    <title>GET /session/:sessionId/screenshot</title>
                    <attachments/>
                    <steps>
                        <step start='1669040554833' status='passed' stop='1669040554992'>
                            <name>POST /session/:sessionId/element</name>
                            <title>POST /session/:sessionId/element</title>
                            <attachments>
                                <attachment title='Request' source='fc62626a-44ff-434d-b106-07537750627e-attachment.json' type='application/json' size='60'/>
                                <attachment title='Screenshot' source='db055b3e-7bb8-45c8-9699-c18b305789d7-attachment.png' type='image/png' size='92704'/>
                            </attachments>
                            <steps/>
                        </step>
                    </steps>
                </step>
            </steps>
            <attachments>
                <attachment title='Response' source='7a09b368-44be-40a8-9995-8ec9529a3ceb-attachment.json' type='application/json' size='83'/>
            </attachments>
            <failure>
                <message>this.main.$ is not a function</message>
                <stack-trace>TypeError: this.main.$ is not a function
                    at Login.get loginOrRegister [as loginOrRegister] (C:\Users\apetrash\Documents\AQA_JS\Sprint-4\test\pageobjects\base.po.js:9:26)
                    at Login.openLogin (C:\Users\apetrash\Documents\AQA_JS\Sprint-4\test\pageobjects\login.po.js:29:20)
                    at async Context.&lt;anonymous> (C:\Users\apetrash\Documents\AQA_JS\Sprint-4\test\specs\login.js:21:9)</stack-trace>
            </failure>
        </test-case>
    </test-cases>
</ns2:test-suite>